Building DAG of jobs...
Using shell: /usr/local_rwth/bin/bash
Provided cluster nodes: 20
Job stats:
job            count    min threads    max threads
-----------  -------  -------------  -------------
R1_rename          2              1              1
all                1              1              1
bc_process         2              1              1
cell_ranger        2              1              1
filter_L1          2              1              1
filter_L2          2              1              1
total             11              1              1

Select jobs to execute...

[Thu May 25 16:51:20 2023]
rule filter_L1:
    input: /rwthfs/rz/cluster/hpcwork/rwth1209/data/dbitseq/atac/mouse/230522/data_processing/mouse_Library2/CellRanger/tmp_data/qc_raw_data/mouse_Library2_raw_qc_primer_R1.fastq.gz, /rwthfs/rz/cluster/hpcwork/rwth1209/data/dbitseq/atac/mouse/230522/data_processing/mouse_Library2/CellRanger/tmp_data/qc_raw_data/mouse_Library2_raw_qc_primer_R2.fastq.gz
    output: /rwthfs/rz/cluster/hpcwork/rwth1209/data/dbitseq/atac/mouse/230522/data_processing/mouse_Library2/CellRanger/tmp_data/qc_raw_data/mouse_Library2_raw_qc_linker1_R1.fastq.gz, /rwthfs/rz/cluster/hpcwork/rwth1209/data/dbitseq/atac/mouse/230522/data_processing/mouse_Library2/CellRanger/tmp_data/qc_raw_data/mouse_Library2_raw_qc_linker1_R2.fastq.gz
    jobid: 10
    reason: Missing output files: /rwthfs/rz/cluster/hpcwork/rwth1209/data/dbitseq/atac/mouse/230522/data_processing/mouse_Library2/CellRanger/tmp_data/qc_raw_data/mouse_Library2_raw_qc_linker1_R2.fastq.gz, /rwthfs/rz/cluster/hpcwork/rwth1209/data/dbitseq/atac/mouse/230522/data_processing/mouse_Library2/CellRanger/tmp_data/qc_raw_data/mouse_Library2_raw_qc_linker1_R1.fastq.gz
    wildcards: sample=mouse_Library2
    resources: mem_mb=27708, mem_mib=26425, disk_mb=27708, disk_mib=26425, tmpdir=<TBD>

Submitted job 10 with external jobid 'Submitted batch job 35176855'.

[Thu May 25 16:51:20 2023]
rule filter_L1:
    input: /rwthfs/rz/cluster/hpcwork/rwth1209/data/dbitseq/atac/mouse/230522/data_processing/mouse_Library1/CellRanger/tmp_data/qc_raw_data/mouse_Library1_raw_qc_primer_R1.fastq.gz, /rwthfs/rz/cluster/hpcwork/rwth1209/data/dbitseq/atac/mouse/230522/data_processing/mouse_Library1/CellRanger/tmp_data/qc_raw_data/mouse_Library1_raw_qc_primer_R2.fastq.gz
    output: /rwthfs/rz/cluster/hpcwork/rwth1209/data/dbitseq/atac/mouse/230522/data_processing/mouse_Library1/CellRanger/tmp_data/qc_raw_data/mouse_Library1_raw_qc_linker1_R1.fastq.gz, /rwthfs/rz/cluster/hpcwork/rwth1209/data/dbitseq/atac/mouse/230522/data_processing/mouse_Library1/CellRanger/tmp_data/qc_raw_data/mouse_Library1_raw_qc_linker1_R2.fastq.gz
    jobid: 4
    reason: Missing output files: /rwthfs/rz/cluster/hpcwork/rwth1209/data/dbitseq/atac/mouse/230522/data_processing/mouse_Library1/CellRanger/tmp_data/qc_raw_data/mouse_Library1_raw_qc_linker1_R1.fastq.gz, /rwthfs/rz/cluster/hpcwork/rwth1209/data/dbitseq/atac/mouse/230522/data_processing/mouse_Library1/CellRanger/tmp_data/qc_raw_data/mouse_Library1_raw_qc_linker1_R2.fastq.gz
    wildcards: sample=mouse_Library1
    resources: mem_mb=89486, mem_mib=85341, disk_mb=89486, disk_mib=85341, tmpdir=<TBD>

Submitted job 4 with external jobid 'Submitted batch job 35176856'.
[Thu May 25 16:57:00 2023]
Finished job 10.
1 of 11 steps (9%) done
Select jobs to execute...

[Thu May 25 16:57:00 2023]
rule filter_L2:
    input: /rwthfs/rz/cluster/hpcwork/rwth1209/data/dbitseq/atac/mouse/230522/data_processing/mouse_Library2/CellRanger/tmp_data/qc_raw_data/mouse_Library2_raw_qc_linker1_R1.fastq.gz, /rwthfs/rz/cluster/hpcwork/rwth1209/data/dbitseq/atac/mouse/230522/data_processing/mouse_Library2/CellRanger/tmp_data/qc_raw_data/mouse_Library2_raw_qc_linker1_R2.fastq.gz
    output: /rwthfs/rz/cluster/hpcwork/rwth1209/data/dbitseq/atac/mouse/230522/data_processing/mouse_Library2/CellRanger/tmp_data/qc_raw_data/mouse_Library2_raw_qc_R1.fastq.gz, /rwthfs/rz/cluster/hpcwork/rwth1209/data/dbitseq/atac/mouse/230522/data_processing/mouse_Library2/CellRanger/tmp_data/qc_raw_data/mouse_Library2_raw_qc_R2.fastq.gz
    jobid: 9
    reason: Missing output files: /rwthfs/rz/cluster/hpcwork/rwth1209/data/dbitseq/atac/mouse/230522/data_processing/mouse_Library2/CellRanger/tmp_data/qc_raw_data/mouse_Library2_raw_qc_R1.fastq.gz, /rwthfs/rz/cluster/hpcwork/rwth1209/data/dbitseq/atac/mouse/230522/data_processing/mouse_Library2/CellRanger/tmp_data/qc_raw_data/mouse_Library2_raw_qc_R2.fastq.gz; Input files updated by another job: /rwthfs/rz/cluster/hpcwork/rwth1209/data/dbitseq/atac/mouse/230522/data_processing/mouse_Library2/CellRanger/tmp_data/qc_raw_data/mouse_Library2_raw_qc_linker1_R2.fastq.gz, /rwthfs/rz/cluster/hpcwork/rwth1209/data/dbitseq/atac/mouse/230522/data_processing/mouse_Library2/CellRanger/tmp_data/qc_raw_data/mouse_Library2_raw_qc_linker1_R1.fastq.gz
    wildcards: sample=mouse_Library2
    resources: mem_mb=22013, mem_mib=20994, disk_mb=22013, disk_mib=20994, tmpdir=<TBD>

Submitted job 9 with external jobid 'Submitted batch job 35176872'.
[Thu May 25 17:01:40 2023]
Finished job 4.
2 of 11 steps (18%) done
Select jobs to execute...

[Thu May 25 17:01:40 2023]
rule filter_L2:
    input: /rwthfs/rz/cluster/hpcwork/rwth1209/data/dbitseq/atac/mouse/230522/data_processing/mouse_Library1/CellRanger/tmp_data/qc_raw_data/mouse_Library1_raw_qc_linker1_R1.fastq.gz, /rwthfs/rz/cluster/hpcwork/rwth1209/data/dbitseq/atac/mouse/230522/data_processing/mouse_Library1/CellRanger/tmp_data/qc_raw_data/mouse_Library1_raw_qc_linker1_R2.fastq.gz
    output: /rwthfs/rz/cluster/hpcwork/rwth1209/data/dbitseq/atac/mouse/230522/data_processing/mouse_Library1/CellRanger/tmp_data/qc_raw_data/mouse_Library1_raw_qc_R1.fastq.gz, /rwthfs/rz/cluster/hpcwork/rwth1209/data/dbitseq/atac/mouse/230522/data_processing/mouse_Library1/CellRanger/tmp_data/qc_raw_data/mouse_Library1_raw_qc_R2.fastq.gz
    jobid: 3
    reason: Missing output files: /rwthfs/rz/cluster/hpcwork/rwth1209/data/dbitseq/atac/mouse/230522/data_processing/mouse_Library1/CellRanger/tmp_data/qc_raw_data/mouse_Library1_raw_qc_R1.fastq.gz, /rwthfs/rz/cluster/hpcwork/rwth1209/data/dbitseq/atac/mouse/230522/data_processing/mouse_Library1/CellRanger/tmp_data/qc_raw_data/mouse_Library1_raw_qc_R2.fastq.gz; Input files updated by another job: /rwthfs/rz/cluster/hpcwork/rwth1209/data/dbitseq/atac/mouse/230522/data_processing/mouse_Library1/CellRanger/tmp_data/qc_raw_data/mouse_Library1_raw_qc_linker1_R1.fastq.gz, /rwthfs/rz/cluster/hpcwork/rwth1209/data/dbitseq/atac/mouse/230522/data_processing/mouse_Library1/CellRanger/tmp_data/qc_raw_data/mouse_Library1_raw_qc_linker1_R2.fastq.gz
    wildcards: sample=mouse_Library1
    resources: mem_mb=12864, mem_mib=12269, disk_mb=12864, disk_mib=12269, tmpdir=<TBD>

Submitted job 3 with external jobid 'Submitted batch job 35176960'.
[Thu May 25 17:03:21 2023]
Finished job 9.
3 of 11 steps (27%) done
Select jobs to execute...

[Thu May 25 17:03:21 2023]
rule bc_process:
    input: /rwthfs/rz/cluster/hpcwork/rwth1209/data/dbitseq/atac/mouse/230522/data_processing/mouse_Library2/CellRanger/tmp_data/qc_raw_data/mouse_Library2_raw_qc_R2.fastq.gz
    output: /rwthfs/rz/cluster/hpcwork/rwth1209/data/dbitseq/atac/mouse/230522/data_processing/mouse_Library2/CellRanger/tmp_data/mouse_Library2_S1_L001_R1_001.fastq, /rwthfs/rz/cluster/hpcwork/rwth1209/data/dbitseq/atac/mouse/230522/data_processing/mouse_Library2/CellRanger/tmp_data/mouse_Library2_S1_L001_R2_001.fastq
    jobid: 8
    reason: Missing output files: /rwthfs/rz/cluster/hpcwork/rwth1209/data/dbitseq/atac/mouse/230522/data_processing/mouse_Library2/CellRanger/tmp_data/mouse_Library2_S1_L001_R1_001.fastq, /rwthfs/rz/cluster/hpcwork/rwth1209/data/dbitseq/atac/mouse/230522/data_processing/mouse_Library2/CellRanger/tmp_data/mouse_Library2_S1_L001_R2_001.fastq; Input files updated by another job: /rwthfs/rz/cluster/hpcwork/rwth1209/data/dbitseq/atac/mouse/230522/data_processing/mouse_Library2/CellRanger/tmp_data/qc_raw_data/mouse_Library2_raw_qc_R2.fastq.gz
    wildcards: sample=mouse_Library2
    resources: mem_mb=9802, mem_mib=9348, disk_mb=9802, disk_mib=9348, tmpdir=<TBD>

Submitted job 8 with external jobid 'Submitted batch job 35176980'.

[Thu May 25 17:03:21 2023]
rule R1_rename:
    input: /rwthfs/rz/cluster/hpcwork/rwth1209/data/dbitseq/atac/mouse/230522/data_processing/mouse_Library2/CellRanger/tmp_data/qc_raw_data/mouse_Library2_raw_qc_R1.fastq.gz
    output: /rwthfs/rz/cluster/hpcwork/rwth1209/data/dbitseq/atac/mouse/230522/data_processing/mouse_Library2/CellRanger/tmp_data/mouse_Library2_S1_L001_R3_001.fastq.gz
    jobid: 12
    reason: Missing output files: /rwthfs/rz/cluster/hpcwork/rwth1209/data/dbitseq/atac/mouse/230522/data_processing/mouse_Library2/CellRanger/tmp_data/mouse_Library2_S1_L001_R3_001.fastq.gz; Input files updated by another job: /rwthfs/rz/cluster/hpcwork/rwth1209/data/dbitseq/atac/mouse/230522/data_processing/mouse_Library2/CellRanger/tmp_data/qc_raw_data/mouse_Library2_raw_qc_R1.fastq.gz
    wildcards: sample=mouse_Library2
    resources: mem_mb=9768, mem_mib=9316, disk_mb=9768, disk_mib=9316, tmpdir=<TBD>

Submitted job 12 with external jobid 'Submitted batch job 35176981'.
[Thu May 25 17:05:01 2023]
Finished job 3.
4 of 11 steps (36%) done
Select jobs to execute...

[Thu May 25 17:05:01 2023]
rule R1_rename:
    input: /rwthfs/rz/cluster/hpcwork/rwth1209/data/dbitseq/atac/mouse/230522/data_processing/mouse_Library1/CellRanger/tmp_data/qc_raw_data/mouse_Library1_raw_qc_R1.fastq.gz
    output: /rwthfs/rz/cluster/hpcwork/rwth1209/data/dbitseq/atac/mouse/230522/data_processing/mouse_Library1/CellRanger/tmp_data/mouse_Library1_S1_L001_R3_001.fastq.gz
    jobid: 6
    reason: Missing output files: /rwthfs/rz/cluster/hpcwork/rwth1209/data/dbitseq/atac/mouse/230522/data_processing/mouse_Library1/CellRanger/tmp_data/mouse_Library1_S1_L001_R3_001.fastq.gz; Input files updated by another job: /rwthfs/rz/cluster/hpcwork/rwth1209/data/dbitseq/atac/mouse/230522/data_processing/mouse_Library1/CellRanger/tmp_data/qc_raw_data/mouse_Library1_raw_qc_R1.fastq.gz
    wildcards: sample=mouse_Library1
    resources: mem_mb=5763, mem_mib=5497, disk_mb=5763, disk_mib=5497, tmpdir=<TBD>

Submitted job 6 with external jobid 'Submitted batch job 35176994'.

[Thu May 25 17:05:01 2023]
rule bc_process:
    input: /rwthfs/rz/cluster/hpcwork/rwth1209/data/dbitseq/atac/mouse/230522/data_processing/mouse_Library1/CellRanger/tmp_data/qc_raw_data/mouse_Library1_raw_qc_R2.fastq.gz
    output: /rwthfs/rz/cluster/hpcwork/rwth1209/data/dbitseq/atac/mouse/230522/data_processing/mouse_Library1/CellRanger/tmp_data/mouse_Library1_S1_L001_R1_001.fastq, /rwthfs/rz/cluster/hpcwork/rwth1209/data/dbitseq/atac/mouse/230522/data_processing/mouse_Library1/CellRanger/tmp_data/mouse_Library1_S1_L001_R2_001.fastq
    jobid: 2
    reason: Missing output files: /rwthfs/rz/cluster/hpcwork/rwth1209/data/dbitseq/atac/mouse/230522/data_processing/mouse_Library1/CellRanger/tmp_data/mouse_Library1_S1_L001_R2_001.fastq, /rwthfs/rz/cluster/hpcwork/rwth1209/data/dbitseq/atac/mouse/230522/data_processing/mouse_Library1/CellRanger/tmp_data/mouse_Library1_S1_L001_R1_001.fastq; Input files updated by another job: /rwthfs/rz/cluster/hpcwork/rwth1209/data/dbitseq/atac/mouse/230522/data_processing/mouse_Library1/CellRanger/tmp_data/qc_raw_data/mouse_Library1_raw_qc_R2.fastq.gz
    wildcards: sample=mouse_Library1
    resources: mem_mb=5706, mem_mib=5442, disk_mb=5706, disk_mib=5442, tmpdir=<TBD>

Submitted job 2 with external jobid 'Submitted batch job 35176995'.
[Thu May 25 17:05:01 2023]
Finished job 12.
5 of 11 steps (45%) done
[Thu May 25 17:06:41 2023]
Finished job 6.
6 of 11 steps (55%) done
[Thu May 25 17:09:11 2023]
Finished job 2.
7 of 11 steps (64%) done
Select jobs to execute...

[Thu May 25 17:09:11 2023]
rule cell_ranger:
    input: /rwthfs/rz/cluster/hpcwork/rwth1209/data/dbitseq/atac/mouse/230522/data_processing/mouse_Library1/CellRanger/tmp_data/mouse_Library1_S1_L001_R1_001.fastq, /rwthfs/rz/cluster/hpcwork/rwth1209/data/dbitseq/atac/mouse/230522/data_processing/mouse_Library1/CellRanger/tmp_data/mouse_Library1_S1_L001_R2_001.fastq, /rwthfs/rz/cluster/hpcwork/rwth1209/data/dbitseq/atac/mouse/230522/data_processing/mouse_Library1/CellRanger/tmp_data/mouse_Library1_S1_L001_R3_001.fastq.gz, /rwthfs/rz/cluster/hpcwork/rwth1209/reference_genome/mouse_mm10_atac_10x
    output: /rwthfs/rz/cluster/hpcwork/rwth1209/data/dbitseq/atac/mouse/230522/data_processing/mouse_Library1/CellRanger/mouse_Library1/outs/fragments.tsv.gz
    jobid: 1
    reason: Missing output files: /rwthfs/rz/cluster/hpcwork/rwth1209/data/dbitseq/atac/mouse/230522/data_processing/mouse_Library1/CellRanger/mouse_Library1/outs/fragments.tsv.gz; Input files updated by another job: /rwthfs/rz/cluster/hpcwork/rwth1209/data/dbitseq/atac/mouse/230522/data_processing/mouse_Library1/CellRanger/tmp_data/mouse_Library1_S1_L001_R3_001.fastq.gz, /rwthfs/rz/cluster/hpcwork/rwth1209/data/dbitseq/atac/mouse/230522/data_processing/mouse_Library1/CellRanger/tmp_data/mouse_Library1_S1_L001_R2_001.fastq, /rwthfs/rz/cluster/hpcwork/rwth1209/data/dbitseq/atac/mouse/230522/data_processing/mouse_Library1/CellRanger/tmp_data/mouse_Library1_S1_L001_R1_001.fastq
    wildcards: sample=mouse_Library1
    resources: mem_mb=24300, mem_mib=23175, disk_mb=24300, disk_mib=23175, tmpdir=<TBD>

Submitted job 1 with external jobid 'Submitted batch job 35177116'.
[Thu May 25 17:11:51 2023]
Finished job 8.
8 of 11 steps (73%) done
Select jobs to execute...

[Thu May 25 17:11:52 2023]
rule cell_ranger:
    input: /rwthfs/rz/cluster/hpcwork/rwth1209/data/dbitseq/atac/mouse/230522/data_processing/mouse_Library2/CellRanger/tmp_data/mouse_Library2_S1_L001_R1_001.fastq, /rwthfs/rz/cluster/hpcwork/rwth1209/data/dbitseq/atac/mouse/230522/data_processing/mouse_Library2/CellRanger/tmp_data/mouse_Library2_S1_L001_R2_001.fastq, /rwthfs/rz/cluster/hpcwork/rwth1209/data/dbitseq/atac/mouse/230522/data_processing/mouse_Library2/CellRanger/tmp_data/mouse_Library2_S1_L001_R3_001.fastq.gz, /rwthfs/rz/cluster/hpcwork/rwth1209/reference_genome/mouse_mm10_atac_10x
    output: /rwthfs/rz/cluster/hpcwork/rwth1209/data/dbitseq/atac/mouse/230522/data_processing/mouse_Library2/CellRanger/mouse_Library2/outs/fragments.tsv.gz
    jobid: 7
    reason: Missing output files: /rwthfs/rz/cluster/hpcwork/rwth1209/data/dbitseq/atac/mouse/230522/data_processing/mouse_Library2/CellRanger/mouse_Library2/outs/fragments.tsv.gz; Input files updated by another job: /rwthfs/rz/cluster/hpcwork/rwth1209/data/dbitseq/atac/mouse/230522/data_processing/mouse_Library2/CellRanger/tmp_data/mouse_Library2_S1_L001_R1_001.fastq, /rwthfs/rz/cluster/hpcwork/rwth1209/data/dbitseq/atac/mouse/230522/data_processing/mouse_Library2/CellRanger/tmp_data/mouse_Library2_S1_L001_R3_001.fastq.gz, /rwthfs/rz/cluster/hpcwork/rwth1209/data/dbitseq/atac/mouse/230522/data_processing/mouse_Library2/CellRanger/tmp_data/mouse_Library2_S1_L001_R2_001.fastq
    wildcards: sample=mouse_Library2
    resources: mem_mb=41484, mem_mib=39563, disk_mb=41484, disk_mib=39563, tmpdir=<TBD>

Submitted job 7 with external jobid 'Submitted batch job 35177150'.
[Thu May 25 18:20:36 2023]
Finished job 1.
9 of 11 steps (82%) done
[Thu May 25 18:35:07 2023]
Finished job 7.
10 of 11 steps (91%) done
Select jobs to execute...

[Thu May 25 18:35:07 2023]
localrule all:
    input: /rwthfs/rz/cluster/hpcwork/rwth1209/data/dbitseq/atac/mouse/230522/data_processing/mouse_Library1/CellRanger/mouse_Library1/outs/fragments.tsv.gz, /rwthfs/rz/cluster/hpcwork/rwth1209/data/dbitseq/atac/mouse/230522/data_processing/mouse_Library2/CellRanger/mouse_Library2/outs/fragments.tsv.gz
    jobid: 0
    reason: Input files updated by another job: /rwthfs/rz/cluster/hpcwork/rwth1209/data/dbitseq/atac/mouse/230522/data_processing/mouse_Library1/CellRanger/mouse_Library1/outs/fragments.tsv.gz, /rwthfs/rz/cluster/hpcwork/rwth1209/data/dbitseq/atac/mouse/230522/data_processing/mouse_Library2/CellRanger/mouse_Library2/outs/fragments.tsv.gz
    resources: mem_mb=1000, mem_mib=954, disk_mb=1000, disk_mib=954, tmpdir=/w0/tmp/slurm_mz637064.35176854

[Thu May 25 18:35:07 2023]
Finished job 0.
11 of 11 steps (100%) done
Complete log: .snakemake/log/2023-05-25T165115.181329.snakemake.log
