Building DAG of jobs...
Using shell: /usr/local_rwth/bin/bash
Provided cluster nodes: 20
Job stats:
job            count    min threads    max threads
-----------  -------  -------------  -------------
R2_rename          2              1              1
all                1              1              1
bc_process         2              1              1
cell_ranger        2              1              1
filter_L1          2              1              1
filter_L2          2              1              1
total             11              1              1

Select jobs to execute...

[Wed Mar 22 16:22:41 2023]
rule filter_L1:
    input: /hpcwork/rwth1209/data/dbitseq_test/raw/kidney/HumanKidney_S2_R1_001.fastq.gz, /hpcwork/rwth1209/data/dbitseq_test/raw/kidney/HumanKidney_S2_R2_001.fastq.gz
    output: /hpcwork/rwth1209/data/dbitseq_test/processed/kidney/CellRanger/tmp_data/qc_raw_data/kidney_raw_qc_linker1_R1.fastq.gz, /hpcwork/rwth1209/data/dbitseq_test/processed/kidney/CellRanger/tmp_data/qc_raw_data/kidney_raw_qc_linker1_R2.fastq.gz
    jobid: 9
    reason: Missing output files: /hpcwork/rwth1209/data/dbitseq_test/processed/kidney/CellRanger/tmp_data/qc_raw_data/kidney_raw_qc_linker1_R1.fastq.gz, /hpcwork/rwth1209/data/dbitseq_test/processed/kidney/CellRanger/tmp_data/qc_raw_data/kidney_raw_qc_linker1_R2.fastq.gz
    wildcards: sample=kidney
    resources: mem_mb=134959, mem_mib=128707, disk_mb=134959, disk_mib=128707, tmpdir=<TBD>

Error submitting jobscript (exit code 1):


[Wed Mar 22 16:22:41 2023]
rule filter_L1:
    input: /hpcwork/rwth1209/data/dbitseq_test/raw/brain/MouseBrain_S1_R1_001.fastq.gz, /hpcwork/rwth1209/data/dbitseq_test/raw/brain/MouseBrain_S1_R2_001.fastq.gz
    output: /hpcwork/rwth1209/data/dbitseq_test/processed/brain/CellRanger/tmp_data/qc_raw_data/brain_raw_qc_linker1_R1.fastq.gz, /hpcwork/rwth1209/data/dbitseq_test/processed/brain/CellRanger/tmp_data/qc_raw_data/brain_raw_qc_linker1_R2.fastq.gz
    jobid: 4
    reason: Missing output files: /hpcwork/rwth1209/data/dbitseq_test/processed/brain/CellRanger/tmp_data/qc_raw_data/brain_raw_qc_linker1_R1.fastq.gz, /hpcwork/rwth1209/data/dbitseq_test/processed/brain/CellRanger/tmp_data/qc_raw_data/brain_raw_qc_linker1_R2.fastq.gz
    wildcards: sample=brain
    resources: mem_mb=82211, mem_mib=78403, disk_mb=82211, disk_mib=78403, tmpdir=<TBD>

Error submitting jobscript (exit code 1):

Shutting down, this might take some time.
Exiting because a job execution failed. Look above for error message
Complete log: .snakemake/log/2023-03-22T162237.149993.snakemake.log
