Building DAG of jobs...
Using shell: /usr/local_rwth/bin/bash
Provided cluster nodes: 20
Job stats:
job            count    min threads    max threads
-----------  -------  -------------  -------------
R2_rename          2              1              1
all                1              1              1
bc_process         2              1              1
cell_ranger        2              1              1
filter_L1          2              1              1
filter_L2          2              1              1
total             11              1              1

Select jobs to execute...

[Wed Mar 22 17:03:39 2023]
rule filter_L1:
    input: /hpcwork/rwth1209/data/dbitseq_test/raw/kidney/HumanKidney_S2_R1_001.fastq.gz, /hpcwork/rwth1209/data/dbitseq_test/raw/kidney/HumanKidney_S2_R2_001.fastq.gz
    output: /hpcwork/rwth1209/data/dbitseq_test/processed/kidney/CellRanger/tmp_data/qc_raw_data/kidney_raw_qc_linker1_R1.fastq.gz, /hpcwork/rwth1209/data/dbitseq_test/processed/kidney/CellRanger/tmp_data/qc_raw_data/kidney_raw_qc_linker1_R2.fastq.gz
    jobid: 9
    reason: Missing output files: /hpcwork/rwth1209/data/dbitseq_test/processed/kidney/CellRanger/tmp_data/qc_raw_data/kidney_raw_qc_linker1_R2.fastq.gz, /hpcwork/rwth1209/data/dbitseq_test/processed/kidney/CellRanger/tmp_data/qc_raw_data/kidney_raw_qc_linker1_R1.fastq.gz
    wildcards: sample=kidney
    resources: mem_mb=134959, mem_mib=128707, disk_mb=134959, disk_mib=128707, tmpdir=<TBD>

Submitted job 9 with external jobid 'Submitted batch job 34162843'.

[Wed Mar 22 17:03:39 2023]
rule filter_L1:
    input: /hpcwork/rwth1209/data/dbitseq_test/raw/brain/MouseBrain_S1_R1_001.fastq.gz, /hpcwork/rwth1209/data/dbitseq_test/raw/brain/MouseBrain_S1_R2_001.fastq.gz
    output: /hpcwork/rwth1209/data/dbitseq_test/processed/brain/CellRanger/tmp_data/qc_raw_data/brain_raw_qc_linker1_R1.fastq.gz, /hpcwork/rwth1209/data/dbitseq_test/processed/brain/CellRanger/tmp_data/qc_raw_data/brain_raw_qc_linker1_R2.fastq.gz
    jobid: 4
    reason: Missing output files: /hpcwork/rwth1209/data/dbitseq_test/processed/brain/CellRanger/tmp_data/qc_raw_data/brain_raw_qc_linker1_R2.fastq.gz, /hpcwork/rwth1209/data/dbitseq_test/processed/brain/CellRanger/tmp_data/qc_raw_data/brain_raw_qc_linker1_R1.fastq.gz
    wildcards: sample=brain
    resources: mem_mb=82211, mem_mib=78403, disk_mb=82211, disk_mib=78403, tmpdir=<TBD>

Submitted job 4 with external jobid 'Submitted batch job 34162844'.
[Wed Mar 22 17:03:48 2023]
Error in rule filter_L1:
    jobid: 9
    input: /hpcwork/rwth1209/data/dbitseq_test/raw/kidney/HumanKidney_S2_R1_001.fastq.gz, /hpcwork/rwth1209/data/dbitseq_test/raw/kidney/HumanKidney_S2_R2_001.fastq.gz
    output: /hpcwork/rwth1209/data/dbitseq_test/processed/kidney/CellRanger/tmp_data/qc_raw_data/kidney_raw_qc_linker1_R1.fastq.gz, /hpcwork/rwth1209/data/dbitseq_test/processed/kidney/CellRanger/tmp_data/qc_raw_data/kidney_raw_qc_linker1_R2.fastq.gz
    shell:
        
    /work/rwth1209/software/DbiT-seq-pipeline/Data_preprocessing/bbduk.sh     in1=/hpcwork/rwth1209/data/dbitseq_test/raw/kidney/HumanKidney_S2_R1_001.fastq.gz     in2=/hpcwork/rwth1209/data/dbitseq_test/raw/kidney/HumanKidney_S2_R2_001.fastq.gz     outm1=/hpcwork/rwth1209/data/dbitseq_test/processed/kidney/CellRanger/tmp_data/qc_raw_data/kidney_raw_qc_linker1_R1.fastq.gz     outm2=/hpcwork/rwth1209/data/dbitseq_test/processed/kidney/CellRanger/tmp_data/qc_raw_data/kidney_raw_qc_linker1_R2.fastq.gz     k=34 mm=f rcomp=f restrictleft=85 skipr2=t     hdist=3     stats=/hpcwork/rwth1209/data/dbitseq_test/processed/kidney/CellRanger/tmp_data/qc_raw_data/kidney_stats.linker1.txt     threads=20     literal=AGATGTGTATAAGAGACAGCATCGGCGTACGACT
    
        (one of the commands exited with non-zero exit code; note that snakemake uses bash strict mode!)
    cluster_jobid: Submitted batch job 34162843

Error executing rule filter_L1 on cluster (jobid: 9, external: Submitted batch job 34162843, jobscript: /rwthfs/rz/cluster/work/rwth1209/software/DbiT-seq-pipeline/Data_preprocessing/.snakemake/tmp.cfck50l3/snakejob.filter_L1.9.sh). For error details see the cluster log and the log files of the involved rule(s).
[Wed Mar 22 17:03:48 2023]
Error in rule filter_L1:
    jobid: 4
    input: /hpcwork/rwth1209/data/dbitseq_test/raw/brain/MouseBrain_S1_R1_001.fastq.gz, /hpcwork/rwth1209/data/dbitseq_test/raw/brain/MouseBrain_S1_R2_001.fastq.gz
    output: /hpcwork/rwth1209/data/dbitseq_test/processed/brain/CellRanger/tmp_data/qc_raw_data/brain_raw_qc_linker1_R1.fastq.gz, /hpcwork/rwth1209/data/dbitseq_test/processed/brain/CellRanger/tmp_data/qc_raw_data/brain_raw_qc_linker1_R2.fastq.gz
    shell:
        
    /work/rwth1209/software/DbiT-seq-pipeline/Data_preprocessing/bbduk.sh     in1=/hpcwork/rwth1209/data/dbitseq_test/raw/brain/MouseBrain_S1_R1_001.fastq.gz     in2=/hpcwork/rwth1209/data/dbitseq_test/raw/brain/MouseBrain_S1_R2_001.fastq.gz     outm1=/hpcwork/rwth1209/data/dbitseq_test/processed/brain/CellRanger/tmp_data/qc_raw_data/brain_raw_qc_linker1_R1.fastq.gz     outm2=/hpcwork/rwth1209/data/dbitseq_test/processed/brain/CellRanger/tmp_data/qc_raw_data/brain_raw_qc_linker1_R2.fastq.gz     k=34 mm=f rcomp=f restrictleft=85 skipr2=t     hdist=3     stats=/hpcwork/rwth1209/data/dbitseq_test/processed/brain/CellRanger/tmp_data/qc_raw_data/brain_stats.linker1.txt     threads=20     literal=AGATGTGTATAAGAGACAGCATCGGCGTACGACT
    
        (one of the commands exited with non-zero exit code; note that snakemake uses bash strict mode!)
    cluster_jobid: Submitted batch job 34162844

Error executing rule filter_L1 on cluster (jobid: 4, external: Submitted batch job 34162844, jobscript: /rwthfs/rz/cluster/work/rwth1209/software/DbiT-seq-pipeline/Data_preprocessing/.snakemake/tmp.cfck50l3/snakejob.filter_L1.4.sh). For error details see the cluster log and the log files of the involved rule(s).
Shutting down, this might take some time.
Exiting because a job execution failed. Look above for error message
Complete log: .snakemake/log/2023-03-22T170335.493843.snakemake.log
