Building DAG of jobs...
Using shell: /usr/local_rwth/bin/bash
Provided cluster nodes: 20
Job stats:
job            count    min threads    max threads
-----------  -------  -------------  -------------
all                1              1              1
cell_ranger        1              1              1
total              2              1              1

Select jobs to execute...

[Sat Mar 25 13:39:04 2023]
rule cell_ranger:
    input: /rwthfs/rz/cluster/hpcwork/rwth1209/data/dbitseq_test/processed/kidney/CellRanger/tmp_data/kidney_S1_L001_R1_001.fastq, /rwthfs/rz/cluster/hpcwork/rwth1209/data/dbitseq_test/processed/kidney/CellRanger/tmp_data/kidney_S1_L001_R2_001.fastq, /rwthfs/rz/cluster/hpcwork/rwth1209/data/dbitseq_test/processed/kidney/CellRanger/tmp_data/kidney_S1_L001_R3_001.fastq.gz
    output: /rwthfs/rz/cluster/hpcwork/rwth1209/data/dbitseq_test/processed/kidney/CellRanger/kidney/outs/fragments.tsv.gz
    jobid: 1
    reason: Missing output files: /rwthfs/rz/cluster/hpcwork/rwth1209/data/dbitseq_test/processed/kidney/CellRanger/kidney/outs/fragments.tsv.gz
    wildcards: sample=kidney
    resources: mem_mb=160589, mem_mib=153150, disk_mb=160589, disk_mib=153150, tmpdir=<TBD>

Submitted job 1 with external jobid 'Submitted batch job 34189990'.
[Sat Mar 25 15:52:02 2023]
Error in rule cell_ranger:
    jobid: 1
    input: /rwthfs/rz/cluster/hpcwork/rwth1209/data/dbitseq_test/processed/kidney/CellRanger/tmp_data/kidney_S1_L001_R1_001.fastq, /rwthfs/rz/cluster/hpcwork/rwth1209/data/dbitseq_test/processed/kidney/CellRanger/tmp_data/kidney_S1_L001_R2_001.fastq, /rwthfs/rz/cluster/hpcwork/rwth1209/data/dbitseq_test/processed/kidney/CellRanger/tmp_data/kidney_S1_L001_R3_001.fastq.gz
    output: /rwthfs/rz/cluster/hpcwork/rwth1209/data/dbitseq_test/processed/kidney/CellRanger/kidney/outs/fragments.tsv.gz
    shell:
        
    cd /rwthfs/rz/cluster/hpcwork/rwth1209/data/dbitseq_test/processed/kidney/CellRanger/
    rm -r kidney
    
    /rwthfs/rz/cluster/work/rwth1209/software/cellranger-atac-2.1.0-dbitseq/cellranger-atac count     --id=kidney     --reference=/rwthfs/rz/cluster/hpcwork/rwth1209/reference_genome/human_GRCh38_atac_10x     --fastqs=/rwthfs/rz/cluster/hpcwork/rwth1209/data/dbitseq_test/processed/kidney/CellRanger/tmp_data     --sample=kidney     --localcores=16     --localmem=64
    
        (one of the commands exited with non-zero exit code; note that snakemake uses bash strict mode!)
    cluster_jobid: Submitted batch job 34189990

Error executing rule cell_ranger on cluster (jobid: 1, external: Submitted batch job 34189990, jobscript: /rwthfs/rz/cluster/work/rwth1209/software/DbiT-seq-pipeline/Data_preprocessing/.snakemake/tmp.m0aijbal/snakejob.cell_ranger.1.sh). For error details see the cluster log and the log files of the involved rule(s).
Shutting down, this might take some time.
Exiting because a job execution failed. Look above for error message
Complete log: .snakemake/log/2023-03-25T133857.591208.snakemake.log
